<?xml version="1.0" encoding="UTF-8" ?>
<testsuite errors="1" failures="0" hostname="W801215E7XJ" name="com.flatironschool.javacs.WikiSearchTest" skipped="0" tests="1" time="0.0" timestamp="2016-07-29T02:58:55">
  <properties>
    <property name="java.vendor" value="Oracle Corporation" />
    <property name="sun.java.launcher" value="SUN_STANDARD" />
    <property name="env.XPC_SERVICE_NAME" value="0" />
    <property name="sun.management.compiler" value="HotSpot 64-Bit Tiered Compilers" />
    <property name="env.SECURITYSESSIONID" value="186a6" />
    <property name="env._system_arch" value="x86_64" />
    <property name="env.GEM_HOME" value="/Users/Chohee/.rvm/gems/ruby-2.3.0" />
    <property name="os.name" value="Mac OS X" />
    <property name="sun.boot.class.path" value="/Library/Java/JavaVirtualMachines/jdk1.8.0_92.jdk/Contents/Home/jre/lib/resources.jar:/Library/Java/JavaVirtualMachines/jdk1.8.0_92.jdk/Contents/Home/jre/lib/rt.jar:/Library/Java/JavaVirtualMachines/jdk1.8.0_92.jdk/Contents/Home/jre/lib/sunrsasign.jar:/Library/Java/JavaVirtualMachines/jdk1.8.0_92.jdk/Contents/Home/jre/lib/jsse.jar:/Library/Java/JavaVirtualMachines/jdk1.8.0_92.jdk/Contents/Home/jre/lib/jce.jar:/Library/Java/JavaVirtualMachines/jdk1.8.0_92.jdk/Contents/Home/jre/lib/charsets.jar:/Library/Java/JavaVirtualMachines/jdk1.8.0_92.jdk/Contents/Home/jre/lib/jfr.jar:/Library/Java/JavaVirtualMachines/jdk1.8.0_92.jdk/Contents/Home/jre/classes" />
    <property name="env.TMPDIR" value="/var/folders/j0/p90kj9b93p7bz8lgb298qftc0000gn/T/" />
    <property name="env.PWD" value="/Users/Chohee/CodeU/CodeU2016FinalProject/javacs-lab12" />
    <property name="env.LANG" value="en_US.UTF-8" />
    <property name="java.vm.specification.vendor" value="Oracle Corporation" />
    <property name="ant.home" value="/usr/local/Cellar/ant/1.9.7/libexec" />
    <property name="java.runtime.version" value="1.8.0_92-b14" />
    <property name="env.MY_RUBY_HOME" value="/Users/Chohee/.rvm/rubies/ruby-2.3.0" />
    <property name="env.Apple_PubSub_Socket_Render" value="/private/tmp/com.apple.launchd.OfCpcoiheu/Render" />
    <property name="env.rvm_version" value="1.27.0 (latest)" />
    <property name="user.name" value="Chohee" />
    <property name="env.USER" value="Chohee" />
    <property name="env.SHELL" value="/bin/bash" />
    <property name="env.__CF_USER_TEXT_ENCODING" value="0x1F5:0x0:0x0" />
    <property name="env._system_type" value="Darwin" />
    <property name="env.PATH" value="/Library/Frameworks/Python.framework/Versions/2.7/bin:/Library/Frameworks/Python.framework/Versions/2.7/bin:/Library/Frameworks/Python.framework/Versions/3.4/bin:/Library/Frameworks/Python.framework/Versions/3.4/bin:/Library/Frameworks/Python.framework/Versions/2.7/bin:/Library/Frameworks/Python.framework/Versions/2.7/bin:/Users/Chohee/.rvm/gems/ruby-2.3.0/bin:/Users/Chohee/.rvm/gems/ruby-2.3.0@global/bin:/Users/Chohee/.rvm/rubies/ruby-2.3.0/bin:/usr/local/bin:/usr/bin:/bin:/usr/sbin:/sbin:/Users/Chohee/.rvm/bin:/Users/Chohee/Applications/Sublime Text 2.app/Contents/SharedSupport/bin" />
    <property name="user.language" value="en" />
    <property name="env.rvm_prefix" value="/Users/Chohee" />
    <property name="sun.boot.library.path" value="/Library/Java/JavaVirtualMachines/jdk1.8.0_92.jdk/Contents/Home/jre/lib" />
    <property name="ant.project.default-target" value="build" />
    <property name="env.XPC_FLAGS" value="0x0" />
    <property name="ant.project.name" value="JavaCS" />
    <property name="env.rvm_path" value="/Users/Chohee/.rvm" />
    <property name="env.RUBY_VERSION" value="ruby-2.3.0" />
    <property name="java.version" value="1.8.0_92" />
    <property name="user.timezone" value="" />
    <property name="sun.arch.data.model" value="64" />
    <property name="env._system_name" value="OSX" />
    <property name="http.nonProxyHosts" value="local|*.local|169.254/16|*.169.254/16" />
    <property name="java.endorsed.dirs" value="/Library/Java/JavaVirtualMachines/jdk1.8.0_92.jdk/Contents/Home/jre/lib/endorsed" />
    <property name="sun.cpu.isalist" value="" />
    <property name="sun.jnu.encoding" value="UTF-8" />
    <property name="env.rvm_bin_path" value="/Users/Chohee/.rvm/bin" />
    <property name="file.encoding.pkg" value="sun.io" />
    <property name="env.SHLVL" value="2" />
    <property name="file.separator" value="/" />
    <property name="env._system_version" value="10.11" />
    <property name="java.specification.name" value="Java Platform API Specification" />
    <property name="java.class.version" value="52.0" />
    <property name="user.country" value="US" />
    <property name="ant.file.JavaCS" value="/Users/Chohee/CodeU/CodeU2016FinalProject/javacs-lab12/build.xml" />
    <property name="java.home" value="/Library/Java/JavaVirtualMachines/jdk1.8.0_92.jdk/Contents/Home/jre" />
    <property name="java.vm.info" value="mixed mode" />
    <property name="env.LOGNAME" value="Chohee" />
    <property name="ant.file" value="/Users/Chohee/CodeU/CodeU2016FinalProject/javacs-lab12/build.xml" />
    <property name="os.version" value="10.11.6" />
    <property name="env.TERM_PROGRAM_VERSION" value="361.1" />
    <property name="path.separator" value=":" />
    <property name="java.vm.version" value="25.92-b14" />
    <property name="ant.library.dir" value="/usr/local/Cellar/ant/1.9.7/libexec/lib" />
    <property name="junit.output.dir" value="junit" />
    <property name="env.IRBRC" value="/Users/Chohee/.rvm/rubies/ruby-2.3.0/.irbrc" />
    <property name="java.awt.printerjob" value="sun.lwawt.macosx.CPrinterJob" />
    <property name="env.TERM" value="xterm-256color" />
    <property name="sun.io.unicode.encoding" value="UnicodeBig" />
    <property name="awt.toolkit" value="sun.lwawt.macosx.LWCToolkit" />
    <property name="socksNonProxyHosts" value="local|*.local|169.254/16|*.169.254/16" />
    <property name="ftp.nonProxyHosts" value="local|*.local|169.254/16|*.169.254/16" />
    <property name="env.GEM_PATH" value="/Users/Chohee/.rvm/gems/ruby-2.3.0:/Users/Chohee/.rvm/gems/ruby-2.3.0@global" />
    <property name="user.home" value="/Users/Chohee" />
    <property name="target" value="1.7" />
    <property name="java.specification.vendor" value="Oracle Corporation" />
    <property name="env.TERM_PROGRAM" value="Apple_Terminal" />
    <property name="java.vendor.url" value="http://java.oracle.com/" />
    <property name="java.library.path" value="/Users/Chohee/Library/Java/Extensions:/Library/Java/Extensions:/Network/Library/Java/Extensions:/System/Library/Java/Extensions:/usr/lib/java:." />
    <property name="gopherProxySet" value="false" />
    <property name="java.vm.vendor" value="Oracle Corporation" />
    <property name="env.JAVA_MAIN_CLASS_6118" value="org.apache.tools.ant.launch.Launcher" />
    <property name="java.runtime.name" value="Java(TM) SE Runtime Environment" />
    <property name="ant.version" value="Apache Ant(TM) version 1.9.7 compiled on April 9 2016" />
    <property name="sun.java.command" value="org.apache.tools.ant.taskdefs.optional.junit.JUnitTestRunner com.flatironschool.javacs.WikiSearchTest skipNonTests=false filtertrace=true haltOnError=false haltOnFailure=false formatter=org.apache.tools.ant.taskdefs.optional.junit.OutErrSummaryJUnitResultFormatter showoutput=false outputtoformatters=true logfailedtests=true threadid=0 logtestlistenerevents=false formatter=org.apache.tools.ant.taskdefs.optional.junit.XMLJUnitResultFormatter,/Users/Chohee/CodeU/CodeU2016FinalProject/javacs-lab12/junit/TEST-com.flatironschool.javacs.WikiSearchTest.xml formatter=org.apache.tools.ant.taskdefs.optional.junit.PlainJUnitResultFormatter crashfile=/Users/Chohee/CodeU/CodeU2016FinalProject/javacs-lab12/junitvmwatcher5218378452894179304.properties propsfile=/Users/Chohee/CodeU/CodeU2016FinalProject/javacs-lab12/junit6513423834149512454.properties" />
    <property name="java.class.path" value="/Users/Chohee/CodeU/CodeU2016FinalProject/javacs-lab12/bin:/Users/Chohee/CodeU/CodeU2016FinalProject/javacs-lab12/lib/jedis-2.8.0.jar:/Users/Chohee/CodeU/CodeU2016FinalProject/javacs-lab12/lib/jsoup-1.8.3.jar:/Users/Chohee/CodeU/CodeU2016FinalProject/javacs-lab12/lib/junit-4.12.jar:/Users/Chohee/CodeU/CodeU2016FinalProject/javacs-lab12/lib/hamcrest-core-1.3.jar:/Users/Chohee/CodeU/CodeU2016FinalProject/javacs-lab12/lib/hamcrest-library-1.3.jar:/usr/local/Cellar/ant/1.9.7/libexec/lib/ant-launcher.jar:/usr/local/Cellar/ant/1.9.7/libexec/lib/ant.jar:/usr/local/Cellar/ant/1.9.7/libexec/lib/ant-junit.jar:/usr/local/Cellar/ant/1.9.7/libexec/lib/ant-junit4.jar" />
    <property name="env.TERM_SESSION_ID" value="DBE7A50B-3017-4BB7-ACC4-D87484CD14C1" />
    <property name="ant.file.type.JavaCS" value="file" />
    <property name="java.vm.specification.name" value="Java Virtual Machine Specification" />
    <property name="ant.file.type" value="file" />
    <property name="java.vm.specification.version" value="1.8" />
    <property name="sun.cpu.endian" value="little" />
    <property name="sun.os.patch.level" value="unknown" />
    <property name="debuglevel" value="source,lines,vars" />
    <property name="env.HOME" value="/Users/Chohee" />
    <property name="java.io.tmpdir" value="/var/folders/j0/p90kj9b93p7bz8lgb298qftc0000gn/T/" />
    <property name="java.vendor.url.bug" value="http://bugreport.sun.com/bugreport/" />
    <property name="env.GIT_PS1_SHOWDIRTYSTATE" value="1" />
    <property name="env.SSH_AUTH_SOCK" value="/private/tmp/com.apple.launchd.xheO1E34z0/Listeners" />
    <property name="java.awt.graphicsenv" value="sun.awt.CGraphicsEnvironment" />
    <property name="os.arch" value="x86_64" />
    <property name="java.ext.dirs" value="/Users/Chohee/Library/Java/Extensions:/Library/Java/JavaVirtualMachines/jdk1.8.0_92.jdk/Contents/Home/jre/lib/ext:/Library/Java/Extensions:/Network/Library/Java/Extensions:/System/Library/Java/Extensions:/usr/lib/java" />
    <property name="user.dir" value="/Users/Chohee/CodeU/CodeU2016FinalProject/javacs-lab12" />
    <property name="line.separator" value="&#xa;" />
    <property name="java.vm.name" value="Java HotSpot(TM) 64-Bit Server VM" />
    <property name="basedir" value="/Users/Chohee/CodeU/CodeU2016FinalProject/javacs-lab12" />
    <property name="ant.java.version" value="1.8" />
    <property name="ant.core.lib" value="/usr/local/Cellar/ant/1.9.7/libexec/lib/ant.jar" />
    <property name="source" value="1.7" />
    <property name="file.encoding" value="UTF-8" />
    <property name="java.specification.version" value="1.8" />
    <property name="ant.project.invoked-targets" value="test" />
  </properties>
  <error message="com.flatironschool.javacs.WikiSearchTest" type="java.lang.ClassNotFoundException">java.lang.ClassNotFoundException: com.flatironschool.javacs.WikiSearchTest
	at java.net.URLClassLoader.findClass(URLClassLoader.java:381)
	at java.lang.ClassLoader.loadClass(ClassLoader.java:424)
	at sun.misc.Launcher$AppClassLoader.loadClass(Launcher.java:331)
	at java.lang.ClassLoader.loadClass(ClassLoader.java:357)
	at java.lang.Class.forName0(Native Method)
	at java.lang.Class.forName(Class.java:264)
</error>
  <system-out><![CDATA[]]></system-out>
  <system-err><![CDATA[]]></system-err>
</testsuite>
